2017-10-16T02:10:06.491Z :: Mozilla/5.0 (Macintosh; Intel Mac OS X 10_12_5) AppleWebKit/537.36 (KHTML, like Gecko) Chrome/61.0.3163.100 Safari/537.36 :: ::1 :: GET :: / :: 304 :: 39.658 ms
2017-10-16T02:10:06.542Z :: Mozilla/5.0 (Macintosh; Intel Mac OS X 10_12_5) AppleWebKit/537.36 (KHTML, like Gecko) Chrome/61.0.3163.100 Safari/537.36 :: ::1 :: GET :: /static/js/bootstrap.min.js :: 304 :: 5.434 ms
2017-10-16T02:10:06.549Z :: Mozilla/5.0 (Macintosh; Intel Mac OS X 10_12_5) AppleWebKit/537.36 (KHTML, like Gecko) Chrome/61.0.3163.100 Safari/537.36 :: ::1 :: GET :: /static/css/bootstrap.min.css :: 304 :: 5.437 ms
2017-10-16T02:10:06.551Z :: Mozilla/5.0 (Macintosh; Intel Mac OS X 10_12_5) AppleWebKit/537.36 (KHTML, like Gecko) Chrome/61.0.3163.100 Safari/537.36 :: ::1 :: GET :: /static/css/bootstrap-datetimepicker.min.css :: 304 :: 5.391 ms
2017-10-16T02:10:06.567Z :: Mozilla/5.0 (Macintosh; Intel Mac OS X 10_12_5) AppleWebKit/537.36 (KHTML, like Gecko) Chrome/61.0.3163.100 Safari/537.36 :: ::1 :: GET :: /static/js/bootstrap-datetimepicker.min.js :: 304 :: 20.517 ms
2017-10-16T02:10:06.612Z :: Mozilla/5.0 (Macintosh; Intel Mac OS X 10_12_5) AppleWebKit/537.36 (KHTML, like Gecko) Chrome/61.0.3163.100 Safari/537.36 :: ::1 :: GET :: /static/img/liyu.png :: 304 :: 0.411 ms
2017-10-16T02:10:06.737Z :: Mozilla/5.0 (Macintosh; Intel Mac OS X 10_12_5) AppleWebKit/537.36 (KHTML, like Gecko) Chrome/61.0.3163.100 Safari/537.36 :: ::1 :: GET :: /static/css/bootstrap.min.css.map :: 304 :: 3.874 ms
2017-10-16T02:16:14.973Z :: Mozilla/5.0 (Macintosh; Intel Mac OS X 10_12_5) AppleWebKit/537.36 (KHTML, like Gecko) Chrome/61.0.3163.100 Safari/537.36 :: ::1 :: GET :: / :: 304 :: 43.553 ms
2017-10-16T02:16:15.020Z :: Mozilla/5.0 (Macintosh; Intel Mac OS X 10_12_5) AppleWebKit/537.36 (KHTML, like Gecko) Chrome/61.0.3163.100 Safari/537.36 :: ::1 :: GET :: /static/js/bootstrap.min.js :: 304 :: 9.980 ms
2017-10-16T02:16:15.023Z :: Mozilla/5.0 (Macintosh; Intel Mac OS X 10_12_5) AppleWebKit/537.36 (KHTML, like Gecko) Chrome/61.0.3163.100 Safari/537.36 :: ::1 :: GET :: /static/js/bootstrap-datetimepicker.min.js :: 304 :: 9.239 ms
2017-10-16T02:16:15.033Z :: Mozilla/5.0 (Macintosh; Intel Mac OS X 10_12_5) AppleWebKit/537.36 (KHTML, like Gecko) Chrome/61.0.3163.100 Safari/537.36 :: ::1 :: GET :: /static/css/bootstrap.min.css :: 304 :: 5.074 ms
2017-10-16T02:16:15.033Z :: Mozilla/5.0 (Macintosh; Intel Mac OS X 10_12_5) AppleWebKit/537.36 (KHTML, like Gecko) Chrome/61.0.3163.100 Safari/537.36 :: ::1 :: GET :: /static/css/bootstrap-datetimepicker.min.css :: 304 :: 11.598 ms
2017-10-16T02:16:15.069Z :: Mozilla/5.0 (Macintosh; Intel Mac OS X 10_12_5) AppleWebKit/537.36 (KHTML, like Gecko) Chrome/61.0.3163.100 Safari/537.36 :: ::1 :: GET :: /static/img/liyu.png :: 304 :: 0.590 ms
2017-10-16T02:16:15.238Z :: Mozilla/5.0 (Macintosh; Intel Mac OS X 10_12_5) AppleWebKit/537.36 (KHTML, like Gecko) Chrome/61.0.3163.100 Safari/537.36 :: ::1 :: GET :: /static/css/bootstrap.min.css.map :: 304 :: 0.885 ms
2017-10-16T02:16:16.874Z :: Mozilla/5.0 (Macintosh; Intel Mac OS X 10_12_5) AppleWebKit/537.36 (KHTML, like Gecko) Chrome/61.0.3163.100 Safari/537.36 :: ::1 :: GET :: /login :: 404 :: 2.757 ms
2017-10-16T02:16:45.314Z :: Mozilla/5.0 (Macintosh; Intel Mac OS X 10_12_5) AppleWebKit/537.36 (KHTML, like Gecko) Chrome/61.0.3163.100 Safari/537.36 :: ::1 :: GET :: /login :: 404 :: 13.912 ms
2017-10-16T02:17:27.011Z :: Mozilla/5.0 (Macintosh; Intel Mac OS X 10_12_5) AppleWebKit/537.36 (KHTML, like Gecko) Chrome/61.0.3163.100 Safari/537.36 :: ::1 :: GET :: /login/login :: 200 :: 20.805 ms
2017-10-16T02:17:27.040Z :: Mozilla/5.0 (Macintosh; Intel Mac OS X 10_12_5) AppleWebKit/537.36 (KHTML, like Gecko) Chrome/61.0.3163.100 Safari/537.36 :: ::1 :: GET :: /static/js/bootstrap.min.js :: 304 :: 3.104 ms
2017-10-16T02:17:27.052Z :: Mozilla/5.0 (Macintosh; Intel Mac OS X 10_12_5) AppleWebKit/537.36 (KHTML, like Gecko) Chrome/61.0.3163.100 Safari/537.36 :: ::1 :: GET :: /static/js/bootstrap-datetimepicker.min.js :: 304 :: 3.589 ms
2017-10-16T02:17:27.052Z :: Mozilla/5.0 (Macintosh; Intel Mac OS X 10_12_5) AppleWebKit/537.36 (KHTML, like Gecko) Chrome/61.0.3163.100 Safari/537.36 :: ::1 :: GET :: /static/css/bootstrap.min.css :: 304 :: 3.424 ms
2017-10-16T02:17:27.053Z :: Mozilla/5.0 (Macintosh; Intel Mac OS X 10_12_5) AppleWebKit/537.36 (KHTML, like Gecko) Chrome/61.0.3163.100 Safari/537.36 :: ::1 :: GET :: /static/css/bootstrap-datetimepicker.min.css :: 304 :: 2.697 ms
2017-10-16T02:17:27.071Z :: Mozilla/5.0 (Macintosh; Intel Mac OS X 10_12_5) AppleWebKit/537.36 (KHTML, like Gecko) Chrome/61.0.3163.100 Safari/537.36 :: ::1 :: GET :: /static/img/liyu.png :: 304 :: 2.803 ms
2017-10-16T02:17:27.358Z :: Mozilla/5.0 (Macintosh; Intel Mac OS X 10_12_5) AppleWebKit/537.36 (KHTML, like Gecko) Chrome/61.0.3163.100 Safari/537.36 :: ::1 :: GET :: /static/css/bootstrap.min.css.map :: 304 :: 1.208 ms
2017-10-16T02:17:42.894Z :: Mozilla/5.0 (Macintosh; Intel Mac OS X 10_12_5) AppleWebKit/537.36 (KHTML, like Gecko) Chrome/61.0.3163.100 Safari/537.36 :: ::1 :: GET :: /login/login :: 404 :: 12.779 ms
2017-10-16T02:17:47.346Z :: Mozilla/5.0 (Macintosh; Intel Mac OS X 10_12_5) AppleWebKit/537.36 (KHTML, like Gecko) Chrome/61.0.3163.100 Safari/537.36 :: ::1 :: GET :: /login :: 200 :: 20.584 ms
2017-10-16T02:17:47.387Z :: Mozilla/5.0 (Macintosh; Intel Mac OS X 10_12_5) AppleWebKit/537.36 (KHTML, like Gecko) Chrome/61.0.3163.100 Safari/537.36 :: ::1 :: GET :: /static/js/bootstrap.min.js :: 304 :: 8.673 ms
2017-10-16T02:17:47.388Z :: Mozilla/5.0 (Macintosh; Intel Mac OS X 10_12_5) AppleWebKit/537.36 (KHTML, like Gecko) Chrome/61.0.3163.100 Safari/537.36 :: ::1 :: GET :: /static/js/bootstrap-datetimepicker.min.js :: 304 :: 9.232 ms
2017-10-16T02:17:47.389Z :: Mozilla/5.0 (Macintosh; Intel Mac OS X 10_12_5) AppleWebKit/537.36 (KHTML, like Gecko) Chrome/61.0.3163.100 Safari/537.36 :: ::1 :: GET :: /static/css/bootstrap.min.css :: 304 :: 9.187 ms
2017-10-16T02:17:47.389Z :: Mozilla/5.0 (Macintosh; Intel Mac OS X 10_12_5) AppleWebKit/537.36 (KHTML, like Gecko) Chrome/61.0.3163.100 Safari/537.36 :: ::1 :: GET :: /static/css/bootstrap-datetimepicker.min.css :: 304 :: 8.600 ms
2017-10-16T02:17:47.399Z :: Mozilla/5.0 (Macintosh; Intel Mac OS X 10_12_5) AppleWebKit/537.36 (KHTML, like Gecko) Chrome/61.0.3163.100 Safari/537.36 :: ::1 :: GET :: /static/img/liyu.png :: 304 :: 0.602 ms
2017-10-16T02:17:47.717Z :: Mozilla/5.0 (Macintosh; Intel Mac OS X 10_12_5) AppleWebKit/537.36 (KHTML, like Gecko) Chrome/61.0.3163.100 Safari/537.36 :: ::1 :: GET :: /static/css/bootstrap.min.css.map :: 304 :: 0.634 ms
2017-10-16T02:20:44.988Z :: Mozilla/5.0 (Macintosh; Intel Mac OS X 10_12_5) AppleWebKit/537.36 (KHTML, like Gecko) Chrome/61.0.3163.100 Safari/537.36 :: ::1 :: GET :: /login :: 304 :: 32.487 ms
2017-10-16T02:20:45.062Z :: Mozilla/5.0 (Macintosh; Intel Mac OS X 10_12_5) AppleWebKit/537.36 (KHTML, like Gecko) Chrome/61.0.3163.100 Safari/537.36 :: ::1 :: GET :: /static/js/bootstrap.min.js :: 304 :: 33.112 ms
2017-10-16T02:20:45.069Z :: Mozilla/5.0 (Macintosh; Intel Mac OS X 10_12_5) AppleWebKit/537.36 (KHTML, like Gecko) Chrome/61.0.3163.100 Safari/537.36 :: ::1 :: GET :: /static/css/bootstrap.min.css :: 304 :: 6.058 ms
2017-10-16T02:20:45.071Z :: Mozilla/5.0 (Macintosh; Intel Mac OS X 10_12_5) AppleWebKit/537.36 (KHTML, like Gecko) Chrome/61.0.3163.100 Safari/537.36 :: ::1 :: GET :: /static/js/bootstrap-datetimepicker.min.js :: 304 :: 3.325 ms
2017-10-16T02:20:45.073Z :: Mozilla/5.0 (Macintosh; Intel Mac OS X 10_12_5) AppleWebKit/537.36 (KHTML, like Gecko) Chrome/61.0.3163.100 Safari/537.36 :: ::1 :: GET :: /static/css/bootstrap-datetimepicker.min.css :: 304 :: 2.601 ms
2017-10-16T02:20:45.100Z :: Mozilla/5.0 (Macintosh; Intel Mac OS X 10_12_5) AppleWebKit/537.36 (KHTML, like Gecko) Chrome/61.0.3163.100 Safari/537.36 :: ::1 :: GET :: /static/img/liyu.png :: 304 :: 0.940 ms
2017-10-16T02:20:45.259Z :: Mozilla/5.0 (Macintosh; Intel Mac OS X 10_12_5) AppleWebKit/537.36 (KHTML, like Gecko) Chrome/61.0.3163.100 Safari/537.36 :: ::1 :: GET :: /static/css/bootstrap.min.css.map :: 304 :: 0.832 ms
2017-10-16T02:20:47.445Z :: Mozilla/5.0 (Macintosh; Intel Mac OS X 10_12_5) AppleWebKit/537.36 (KHTML, like Gecko) Chrome/61.0.3163.100 Safari/537.36 :: ::1 :: GET :: /signup :: 404 :: 2.141 ms
2017-10-16T02:20:49.485Z :: Mozilla/5.0 (Macintosh; Intel Mac OS X 10_12_5) AppleWebKit/537.36 (KHTML, like Gecko) Chrome/61.0.3163.100 Safari/537.36 :: ::1 :: GET :: /static/css/bootstrap.min.css.map :: 304 :: 0.490 ms
2017-10-16T02:45:34.245Z :: Mozilla/5.0 (Macintosh; Intel Mac OS X 10_12_5) AppleWebKit/537.36 (KHTML, like Gecko) Chrome/61.0.3163.100 Safari/537.36 :: ::1 :: GET :: /login :: 304 :: 28.356 ms
2017-10-16T02:45:34.306Z :: Mozilla/5.0 (Macintosh; Intel Mac OS X 10_12_5) AppleWebKit/537.36 (KHTML, like Gecko) Chrome/61.0.3163.100 Safari/537.36 :: ::1 :: GET :: /static/js/bootstrap.min.js :: 304 :: 13.785 ms
2017-10-16T02:45:34.307Z :: Mozilla/5.0 (Macintosh; Intel Mac OS X 10_12_5) AppleWebKit/537.36 (KHTML, like Gecko) Chrome/61.0.3163.100 Safari/537.36 :: ::1 :: GET :: /static/css/bootstrap.min.css :: 304 :: 13.777 ms
2017-10-16T02:45:34.308Z :: Mozilla/5.0 (Macintosh; Intel Mac OS X 10_12_5) AppleWebKit/537.36 (KHTML, like Gecko) Chrome/61.0.3163.100 Safari/537.36 :: ::1 :: GET :: /static/css/bootstrap-datetimepicker.min.css :: 304 :: 14.054 ms
2017-10-16T02:45:34.309Z :: Mozilla/5.0 (Macintosh; Intel Mac OS X 10_12_5) AppleWebKit/537.36 (KHTML, like Gecko) Chrome/61.0.3163.100 Safari/537.36 :: ::1 :: GET :: /static/js/bootstrap-datetimepicker.min.js :: 304 :: 14.402 ms
2017-10-16T02:45:34.356Z :: Mozilla/5.0 (Macintosh; Intel Mac OS X 10_12_5) AppleWebKit/537.36 (KHTML, like Gecko) Chrome/61.0.3163.100 Safari/537.36 :: ::1 :: GET :: /static/img/liyu.png :: 304 :: 2.519 ms
2017-10-16T02:45:34.507Z :: Mozilla/5.0 (Macintosh; Intel Mac OS X 10_12_5) AppleWebKit/537.36 (KHTML, like Gecko) Chrome/61.0.3163.100 Safari/537.36 :: ::1 :: GET :: /static/css/bootstrap.min.css.map :: 304 :: 1.313 ms
2017-10-16T02:45:39.177Z :: Mozilla/5.0 (Macintosh; Intel Mac OS X 10_12_5) AppleWebKit/537.36 (KHTML, like Gecko) Chrome/61.0.3163.100 Safari/537.36 :: ::1 :: POST :: /login :: 200 :: 30.823 ms
2017-10-16T02:46:27.656Z :: Mozilla/5.0 (Macintosh; Intel Mac OS X 10_12_5) AppleWebKit/537.36 (KHTML, like Gecko) Chrome/61.0.3163.100 Safari/537.36 :: ::1 :: GET :: /login :: 200 :: 24.465 ms
2017-10-16T02:46:27.880Z :: Mozilla/5.0 (Macintosh; Intel Mac OS X 10_12_5) AppleWebKit/537.36 (KHTML, like Gecko) Chrome/61.0.3163.100 Safari/537.36 :: ::1 :: GET :: /static/css/bootstrap.min.css.map :: 304 :: 6.037 ms
2017-10-16T02:46:28.704Z :: Mozilla/5.0 (Macintosh; Intel Mac OS X 10_12_5) AppleWebKit/537.36 (KHTML, like Gecko) Chrome/61.0.3163.100 Safari/537.36 :: ::1 :: GET :: /login :: 304 :: 2.552 ms
2017-10-16T02:46:28.776Z :: Mozilla/5.0 (Macintosh; Intel Mac OS X 10_12_5) AppleWebKit/537.36 (KHTML, like Gecko) Chrome/61.0.3163.100 Safari/537.36 :: ::1 :: GET :: /static/js/bootstrap.min.js :: 304 :: 6.950 ms
2017-10-16T02:46:28.777Z :: Mozilla/5.0 (Macintosh; Intel Mac OS X 10_12_5) AppleWebKit/537.36 (KHTML, like Gecko) Chrome/61.0.3163.100 Safari/537.36 :: ::1 :: GET :: /static/css/bootstrap.min.css :: 304 :: 4.379 ms
2017-10-16T02:46:28.777Z :: Mozilla/5.0 (Macintosh; Intel Mac OS X 10_12_5) AppleWebKit/537.36 (KHTML, like Gecko) Chrome/61.0.3163.100 Safari/537.36 :: ::1 :: GET :: /static/css/bootstrap-datetimepicker.min.css :: 304 :: 3.948 ms
2017-10-16T02:46:28.778Z :: Mozilla/5.0 (Macintosh; Intel Mac OS X 10_12_5) AppleWebKit/537.36 (KHTML, like Gecko) Chrome/61.0.3163.100 Safari/537.36 :: ::1 :: GET :: /static/js/bootstrap-datetimepicker.min.js :: 304 :: 8.827 ms
2017-10-16T02:46:28.821Z :: Mozilla/5.0 (Macintosh; Intel Mac OS X 10_12_5) AppleWebKit/537.36 (KHTML, like Gecko) Chrome/61.0.3163.100 Safari/537.36 :: ::1 :: GET :: /static/img/liyu.png :: 304 :: 0.977 ms
2017-10-16T02:46:28.969Z :: Mozilla/5.0 (Macintosh; Intel Mac OS X 10_12_5) AppleWebKit/537.36 (KHTML, like Gecko) Chrome/61.0.3163.100 Safari/537.36 :: ::1 :: GET :: /static/css/bootstrap.min.css.map :: 304 :: 0.535 ms
2017-10-16T02:46:33.040Z :: Mozilla/5.0 (Macintosh; Intel Mac OS X 10_12_5) AppleWebKit/537.36 (KHTML, like Gecko) Chrome/61.0.3163.100 Safari/537.36 :: ::1 :: POST :: /login :: 200 :: 30.581 ms
2017-10-16T02:48:59.742Z :: Mozilla/5.0 (Macintosh; Intel Mac OS X 10_12_5) AppleWebKit/537.36 (KHTML, like Gecko) Chrome/61.0.3163.100 Safari/537.36 :: ::1 :: GET :: /login :: 200 :: 26.171 ms
2017-10-16T02:49:00.014Z :: Mozilla/5.0 (Macintosh; Intel Mac OS X 10_12_5) AppleWebKit/537.36 (KHTML, like Gecko) Chrome/61.0.3163.100 Safari/537.36 :: ::1 :: GET :: /static/css/bootstrap.min.css.map :: 304 :: 5.496 ms
2017-10-16T02:49:00.557Z :: Mozilla/5.0 (Macintosh; Intel Mac OS X 10_12_5) AppleWebKit/537.36 (KHTML, like Gecko) Chrome/61.0.3163.100 Safari/537.36 :: ::1 :: GET :: /login :: 304 :: 1.370 ms
2017-10-16T02:49:00.601Z :: Mozilla/5.0 (Macintosh; Intel Mac OS X 10_12_5) AppleWebKit/537.36 (KHTML, like Gecko) Chrome/61.0.3163.100 Safari/537.36 :: ::1 :: GET :: /static/js/bootstrap.min.js :: 304 :: 3.222 ms
2017-10-16T02:49:00.602Z :: Mozilla/5.0 (Macintosh; Intel Mac OS X 10_12_5) AppleWebKit/537.36 (KHTML, like Gecko) Chrome/61.0.3163.100 Safari/537.36 :: ::1 :: GET :: /static/js/bootstrap-datetimepicker.min.js :: 304 :: 3.676 ms
2017-10-16T02:49:00.603Z :: Mozilla/5.0 (Macintosh; Intel Mac OS X 10_12_5) AppleWebKit/537.36 (KHTML, like Gecko) Chrome/61.0.3163.100 Safari/537.36 :: ::1 :: GET :: /static/css/bootstrap.min.css :: 304 :: 4.624 ms
2017-10-16T02:49:00.604Z :: Mozilla/5.0 (Macintosh; Intel Mac OS X 10_12_5) AppleWebKit/537.36 (KHTML, like Gecko) Chrome/61.0.3163.100 Safari/537.36 :: ::1 :: GET :: /static/css/bootstrap-datetimepicker.min.css :: 304 :: 4.668 ms
2017-10-16T02:49:00.666Z :: Mozilla/5.0 (Macintosh; Intel Mac OS X 10_12_5) AppleWebKit/537.36 (KHTML, like Gecko) Chrome/61.0.3163.100 Safari/537.36 :: ::1 :: GET :: /static/img/liyu.png :: 304 :: 0.658 ms
2017-10-16T02:49:00.808Z :: Mozilla/5.0 (Macintosh; Intel Mac OS X 10_12_5) AppleWebKit/537.36 (KHTML, like Gecko) Chrome/61.0.3163.100 Safari/537.36 :: ::1 :: GET :: /static/css/bootstrap.min.css.map :: 304 :: 0.612 ms
2017-10-16T02:49:09.294Z :: Mozilla/5.0 (Macintosh; Intel Mac OS X 10_12_5) AppleWebKit/537.36 (KHTML, like Gecko) Chrome/61.0.3163.100 Safari/537.36 :: ::1 :: POST :: /login :: 500 :: 38.573 ms
2017-10-16T02:50:36.669Z :: Mozilla/5.0 (Macintosh; Intel Mac OS X 10_12_5) AppleWebKit/537.36 (KHTML, like Gecko) Chrome/61.0.3163.100 Safari/537.36 :: ::1 :: GET :: /static/css/bootstrap.min.css.map :: 304 :: 14.438 ms
2017-10-16T02:50:37.543Z :: Mozilla/5.0 (Macintosh; Intel Mac OS X 10_12_5) AppleWebKit/537.36 (KHTML, like Gecko) Chrome/61.0.3163.100 Safari/537.36 :: ::1 :: GET :: /login :: 304 :: 38.825 ms
2017-10-16T02:50:37.613Z :: Mozilla/5.0 (Macintosh; Intel Mac OS X 10_12_5) AppleWebKit/537.36 (KHTML, like Gecko) Chrome/61.0.3163.100 Safari/537.36 :: ::1 :: GET :: /static/js/bootstrap.min.js :: 304 :: 19.391 ms
2017-10-16T02:50:37.616Z :: Mozilla/5.0 (Macintosh; Intel Mac OS X 10_12_5) AppleWebKit/537.36 (KHTML, like Gecko) Chrome/61.0.3163.100 Safari/537.36 :: ::1 :: GET :: /static/js/bootstrap-datetimepicker.min.js :: 304 :: 6.991 ms
2017-10-16T02:50:37.622Z :: Mozilla/5.0 (Macintosh; Intel Mac OS X 10_12_5) AppleWebKit/537.36 (KHTML, like Gecko) Chrome/61.0.3163.100 Safari/537.36 :: ::1 :: GET :: /static/css/bootstrap.min.css :: 304 :: 9.244 ms
2017-10-16T02:50:37.629Z :: Mozilla/5.0 (Macintosh; Intel Mac OS X 10_12_5) AppleWebKit/537.36 (KHTML, like Gecko) Chrome/61.0.3163.100 Safari/537.36 :: ::1 :: GET :: /static/css/bootstrap-datetimepicker.min.css :: 304 :: 17.278 ms
2017-10-16T02:50:37.667Z :: Mozilla/5.0 (Macintosh; Intel Mac OS X 10_12_5) AppleWebKit/537.36 (KHTML, like Gecko) Chrome/61.0.3163.100 Safari/537.36 :: ::1 :: GET :: /static/img/liyu.png :: 304 :: 0.677 ms
2017-10-16T02:50:37.918Z :: Mozilla/5.0 (Macintosh; Intel Mac OS X 10_12_5) AppleWebKit/537.36 (KHTML, like Gecko) Chrome/61.0.3163.100 Safari/537.36 :: ::1 :: GET :: /static/css/bootstrap.min.css.map :: 304 :: 0.780 ms
2017-10-16T02:50:49.939Z :: Mozilla/5.0 (Macintosh; Intel Mac OS X 10_12_5) AppleWebKit/537.36 (KHTML, like Gecko) Chrome/61.0.3163.100 Safari/537.36 :: ::1 :: POST :: /login :: 200 :: 65.377 ms
2017-10-16T02:50:55.272Z :: Mozilla/5.0 (Macintosh; Intel Mac OS X 10_12_5) AppleWebKit/537.36 (KHTML, like Gecko) Chrome/61.0.3163.100 Safari/537.36 :: ::1 :: GET :: /login :: 200 :: 2.781 ms
2017-10-16T02:50:55.504Z :: Mozilla/5.0 (Macintosh; Intel Mac OS X 10_12_5) AppleWebKit/537.36 (KHTML, like Gecko) Chrome/61.0.3163.100 Safari/537.36 :: ::1 :: GET :: /static/css/bootstrap.min.css.map :: 304 :: 1.732 ms
2017-10-16T02:50:57.184Z :: Mozilla/5.0 (Macintosh; Intel Mac OS X 10_12_5) AppleWebKit/537.36 (KHTML, like Gecko) Chrome/61.0.3163.100 Safari/537.36 :: ::1 :: GET :: /login :: 304 :: 1.798 ms
2017-10-16T02:50:57.228Z :: Mozilla/5.0 (Macintosh; Intel Mac OS X 10_12_5) AppleWebKit/537.36 (KHTML, like Gecko) Chrome/61.0.3163.100 Safari/537.36 :: ::1 :: GET :: /static/js/bootstrap.min.js :: 304 :: 9.612 ms
2017-10-16T02:50:57.229Z :: Mozilla/5.0 (Macintosh; Intel Mac OS X 10_12_5) AppleWebKit/537.36 (KHTML, like Gecko) Chrome/61.0.3163.100 Safari/537.36 :: ::1 :: GET :: /static/js/bootstrap-datetimepicker.min.js :: 304 :: 8.316 ms
2017-10-16T02:50:57.229Z :: Mozilla/5.0 (Macintosh; Intel Mac OS X 10_12_5) AppleWebKit/537.36 (KHTML, like Gecko) Chrome/61.0.3163.100 Safari/537.36 :: ::1 :: GET :: /static/css/bootstrap.min.css :: 304 :: 6.953 ms
2017-10-16T02:50:57.230Z :: Mozilla/5.0 (Macintosh; Intel Mac OS X 10_12_5) AppleWebKit/537.36 (KHTML, like Gecko) Chrome/61.0.3163.100 Safari/537.36 :: ::1 :: GET :: /static/css/bootstrap-datetimepicker.min.css :: 304 :: 6.785 ms
2017-10-16T02:50:57.279Z :: Mozilla/5.0 (Macintosh; Intel Mac OS X 10_12_5) AppleWebKit/537.36 (KHTML, like Gecko) Chrome/61.0.3163.100 Safari/537.36 :: ::1 :: GET :: /static/img/liyu.png :: 304 :: 0.610 ms
2017-10-16T02:50:57.455Z :: Mozilla/5.0 (Macintosh; Intel Mac OS X 10_12_5) AppleWebKit/537.36 (KHTML, like Gecko) Chrome/61.0.3163.100 Safari/537.36 :: ::1 :: GET :: /static/css/bootstrap.min.css.map :: 304 :: 1.635 ms
2017-10-16T02:51:05.607Z :: Mozilla/5.0 (Macintosh; Intel Mac OS X 10_12_5) AppleWebKit/537.36 (KHTML, like Gecko) Chrome/61.0.3163.100 Safari/537.36 :: ::1 :: POST :: /login :: 302 :: 26.095 ms
2017-10-16T02:51:05.637Z :: Mozilla/5.0 (Macintosh; Intel Mac OS X 10_12_5) AppleWebKit/537.36 (KHTML, like Gecko) Chrome/61.0.3163.100 Safari/537.36 :: ::1 :: GET :: / :: 200 :: 12.835 ms
2017-10-16T02:51:05.689Z :: Mozilla/5.0 (Macintosh; Intel Mac OS X 10_12_5) AppleWebKit/537.36 (KHTML, like Gecko) Chrome/61.0.3163.100 Safari/537.36 :: ::1 :: GET :: /static/js/bootstrap.min.js :: 304 :: 5.581 ms
2017-10-16T02:51:05.695Z :: Mozilla/5.0 (Macintosh; Intel Mac OS X 10_12_5) AppleWebKit/537.36 (KHTML, like Gecko) Chrome/61.0.3163.100 Safari/537.36 :: ::1 :: GET :: /static/js/bootstrap-datetimepicker.min.js :: 304 :: 9.168 ms
2017-10-16T02:51:05.695Z :: Mozilla/5.0 (Macintosh; Intel Mac OS X 10_12_5) AppleWebKit/537.36 (KHTML, like Gecko) Chrome/61.0.3163.100 Safari/537.36 :: ::1 :: GET :: /static/css/bootstrap.min.css :: 304 :: 3.537 ms
2017-10-16T02:51:05.695Z :: Mozilla/5.0 (Macintosh; Intel Mac OS X 10_12_5) AppleWebKit/537.36 (KHTML, like Gecko) Chrome/61.0.3163.100 Safari/537.36 :: ::1 :: GET :: /static/css/bootstrap-datetimepicker.min.css :: 304 :: 3.454 ms
2017-10-16T02:51:05.758Z :: Mozilla/5.0 (Macintosh; Intel Mac OS X 10_12_5) AppleWebKit/537.36 (KHTML, like Gecko) Chrome/61.0.3163.100 Safari/537.36 :: ::1 :: GET :: /static/img/liyu.png :: 304 :: 2.430 ms
2017-10-16T02:51:05.913Z :: Mozilla/5.0 (Macintosh; Intel Mac OS X 10_12_5) AppleWebKit/537.36 (KHTML, like Gecko) Chrome/61.0.3163.100 Safari/537.36 :: ::1 :: GET :: /static/css/bootstrap.min.css.map :: 304 :: 3.198 ms
2017-10-16T02:51:11.659Z :: Mozilla/5.0 (Macintosh; Intel Mac OS X 10_12_5) AppleWebKit/537.36 (KHTML, like Gecko) Chrome/61.0.3163.100 Safari/537.36 :: ::1 :: GET :: /login :: 200 :: 1.690 ms
2017-10-16T02:51:11.896Z :: Mozilla/5.0 (Macintosh; Intel Mac OS X 10_12_5) AppleWebKit/537.36 (KHTML, like Gecko) Chrome/61.0.3163.100 Safari/537.36 :: ::1 :: GET :: /static/css/bootstrap.min.css.map :: 304 :: 1.416 ms
2017-10-16T02:51:19.138Z :: Mozilla/5.0 (Macintosh; Intel Mac OS X 10_12_5) AppleWebKit/537.36 (KHTML, like Gecko) Chrome/61.0.3163.100 Safari/537.36 :: ::1 :: POST :: /login :: 200 :: 8.503 ms
2017-10-16T02:51:24.403Z :: Mozilla/5.0 (Macintosh; Intel Mac OS X 10_12_5) AppleWebKit/537.36 (KHTML, like Gecko) Chrome/61.0.3163.100 Safari/537.36 :: ::1 :: POST :: /login :: 200 :: 6.592 ms
2017-10-16T02:51:37.303Z :: Mozilla/5.0 (Macintosh; Intel Mac OS X 10_12_5) AppleWebKit/537.36 (KHTML, like Gecko) Chrome/61.0.3163.100 Safari/537.36 :: ::1 :: POST :: /login :: 200 :: 3.800 ms
2017-10-16T02:54:36.828Z :: Mozilla/5.0 (Macintosh; Intel Mac OS X 10_12_5) AppleWebKit/537.36 (KHTML, like Gecko) Chrome/61.0.3163.100 Safari/537.36 :: ::1 :: POST :: /login :: 200 :: 65.131 ms
2017-10-16T02:54:36.870Z :: Mozilla/5.0 (Macintosh; Intel Mac OS X 10_12_5) AppleWebKit/537.36 (KHTML, like Gecko) Chrome/61.0.3163.100 Safari/537.36 :: ::1 :: GET :: /static/js/bootstrap.min.js :: 304 :: 8.822 ms
2017-10-16T02:54:36.882Z :: Mozilla/5.0 (Macintosh; Intel Mac OS X 10_12_5) AppleWebKit/537.36 (KHTML, like Gecko) Chrome/61.0.3163.100 Safari/537.36 :: ::1 :: GET :: /static/css/bootstrap.min.css :: 304 :: 7.160 ms
2017-10-16T02:54:36.905Z :: Mozilla/5.0 (Macintosh; Intel Mac OS X 10_12_5) AppleWebKit/537.36 (KHTML, like Gecko) Chrome/61.0.3163.100 Safari/537.36 :: ::1 :: GET :: /static/css/bootstrap-datetimepicker.min.css :: 304 :: 22.842 ms
2017-10-16T02:54:36.906Z :: Mozilla/5.0 (Macintosh; Intel Mac OS X 10_12_5) AppleWebKit/537.36 (KHTML, like Gecko) Chrome/61.0.3163.100 Safari/537.36 :: ::1 :: GET :: /static/js/bootstrap-datetimepicker.min.js :: 304 :: 28.755 ms
2017-10-16T02:54:36.945Z :: Mozilla/5.0 (Macintosh; Intel Mac OS X 10_12_5) AppleWebKit/537.36 (KHTML, like Gecko) Chrome/61.0.3163.100 Safari/537.36 :: ::1 :: GET :: /static/img/liyu.png :: 304 :: 1.527 ms
2017-10-16T02:54:37.146Z :: Mozilla/5.0 (Macintosh; Intel Mac OS X 10_12_5) AppleWebKit/537.36 (KHTML, like Gecko) Chrome/61.0.3163.100 Safari/537.36 :: ::1 :: GET :: /static/css/bootstrap.min.css.map :: 304 :: 0.746 ms
2017-10-16T02:54:42.845Z :: Mozilla/5.0 (Macintosh; Intel Mac OS X 10_12_5) AppleWebKit/537.36 (KHTML, like Gecko) Chrome/61.0.3163.100 Safari/537.36 :: ::1 :: POST :: /login :: 200 :: 7.638 ms
2017-10-16T02:54:42.884Z :: Mozilla/5.0 (Macintosh; Intel Mac OS X 10_12_5) AppleWebKit/537.36 (KHTML, like Gecko) Chrome/61.0.3163.100 Safari/537.36 :: ::1 :: GET :: /static/js/bootstrap.min.js :: 304 :: 5.616 ms
2017-10-16T02:54:42.885Z :: Mozilla/5.0 (Macintosh; Intel Mac OS X 10_12_5) AppleWebKit/537.36 (KHTML, like Gecko) Chrome/61.0.3163.100 Safari/537.36 :: ::1 :: GET :: /static/js/bootstrap-datetimepicker.min.js :: 304 :: 5.761 ms
2017-10-16T02:54:42.886Z :: Mozilla/5.0 (Macintosh; Intel Mac OS X 10_12_5) AppleWebKit/537.36 (KHTML, like Gecko) Chrome/61.0.3163.100 Safari/537.36 :: ::1 :: GET :: /static/css/bootstrap.min.css :: 304 :: 5.494 ms
2017-10-16T02:54:42.887Z :: Mozilla/5.0 (Macintosh; Intel Mac OS X 10_12_5) AppleWebKit/537.36 (KHTML, like Gecko) Chrome/61.0.3163.100 Safari/537.36 :: ::1 :: GET :: /static/css/bootstrap-datetimepicker.min.css :: 304 :: 5.687 ms
2017-10-16T02:54:42.926Z :: Mozilla/5.0 (Macintosh; Intel Mac OS X 10_12_5) AppleWebKit/537.36 (KHTML, like Gecko) Chrome/61.0.3163.100 Safari/537.36 :: ::1 :: GET :: /static/img/liyu.png :: 304 :: 1.312 ms
2017-10-16T02:54:43.070Z :: Mozilla/5.0 (Macintosh; Intel Mac OS X 10_12_5) AppleWebKit/537.36 (KHTML, like Gecko) Chrome/61.0.3163.100 Safari/537.36 :: ::1 :: GET :: /static/css/bootstrap.min.css.map :: 304 :: 0.723 ms
2017-10-16T02:54:44.929Z :: Mozilla/5.0 (Macintosh; Intel Mac OS X 10_12_5) AppleWebKit/537.36 (KHTML, like Gecko) Chrome/61.0.3163.100 Safari/537.36 :: ::1 :: GET :: /static/css/bootstrap.min.css.map :: 304 :: 1.485 ms
2017-10-16T02:54:53.156Z :: Mozilla/5.0 (Macintosh; Intel Mac OS X 10_12_5) AppleWebKit/537.36 (KHTML, like Gecko) Chrome/61.0.3163.100 Safari/537.36 :: ::1 :: GET :: / :: 200 :: 11.590 ms
2017-10-16T02:54:53.191Z :: Mozilla/5.0 (Macintosh; Intel Mac OS X 10_12_5) AppleWebKit/537.36 (KHTML, like Gecko) Chrome/61.0.3163.100 Safari/537.36 :: ::1 :: GET :: /static/js/bootstrap.min.js :: 304 :: 5.227 ms
2017-10-16T02:54:53.192Z :: Mozilla/5.0 (Macintosh; Intel Mac OS X 10_12_5) AppleWebKit/537.36 (KHTML, like Gecko) Chrome/61.0.3163.100 Safari/537.36 :: ::1 :: GET :: /static/js/bootstrap-datetimepicker.min.js :: 304 :: 5.092 ms
2017-10-16T02:54:53.193Z :: Mozilla/5.0 (Macintosh; Intel Mac OS X 10_12_5) AppleWebKit/537.36 (KHTML, like Gecko) Chrome/61.0.3163.100 Safari/537.36 :: ::1 :: GET :: /static/css/bootstrap.min.css :: 304 :: 5.393 ms
2017-10-16T02:54:53.194Z :: Mozilla/5.0 (Macintosh; Intel Mac OS X 10_12_5) AppleWebKit/537.36 (KHTML, like Gecko) Chrome/61.0.3163.100 Safari/537.36 :: ::1 :: GET :: /static/css/bootstrap-datetimepicker.min.css :: 304 :: 3.937 ms
2017-10-16T02:54:53.202Z :: Mozilla/5.0 (Macintosh; Intel Mac OS X 10_12_5) AppleWebKit/537.36 (KHTML, like Gecko) Chrome/61.0.3163.100 Safari/537.36 :: ::1 :: GET :: /static/img/liyu.png :: 304 :: 0.762 ms
2017-10-16T02:54:53.494Z :: Mozilla/5.0 (Macintosh; Intel Mac OS X 10_12_5) AppleWebKit/537.36 (KHTML, like Gecko) Chrome/61.0.3163.100 Safari/537.36 :: ::1 :: GET :: /static/css/bootstrap.min.css.map :: 304 :: 1.621 ms
2017-10-16T02:54:54.913Z :: Mozilla/5.0 (Macintosh; Intel Mac OS X 10_12_5) AppleWebKit/537.36 (KHTML, like Gecko) Chrome/61.0.3163.100 Safari/537.36 :: ::1 :: GET :: /login :: 200 :: 2.097 ms
2017-10-16T02:54:54.952Z :: Mozilla/5.0 (Macintosh; Intel Mac OS X 10_12_5) AppleWebKit/537.36 (KHTML, like Gecko) Chrome/61.0.3163.100 Safari/537.36 :: ::1 :: GET :: /static/js/bootstrap.min.js :: 304 :: 8.220 ms
2017-10-16T02:54:54.960Z :: Mozilla/5.0 (Macintosh; Intel Mac OS X 10_12_5) AppleWebKit/537.36 (KHTML, like Gecko) Chrome/61.0.3163.100 Safari/537.36 :: ::1 :: GET :: /static/js/bootstrap-datetimepicker.min.js :: 304 :: 12.307 ms
2017-10-16T02:54:54.961Z :: Mozilla/5.0 (Macintosh; Intel Mac OS X 10_12_5) AppleWebKit/537.36 (KHTML, like Gecko) Chrome/61.0.3163.100 Safari/537.36 :: ::1 :: GET :: /static/css/bootstrap.min.css :: 304 :: 13.344 ms
2017-10-16T02:54:54.962Z :: Mozilla/5.0 (Macintosh; Intel Mac OS X 10_12_5) AppleWebKit/537.36 (KHTML, like Gecko) Chrome/61.0.3163.100 Safari/537.36 :: ::1 :: GET :: /static/css/bootstrap-datetimepicker.min.css :: 304 :: 12.603 ms
2017-10-16T02:54:54.997Z :: Mozilla/5.0 (Macintosh; Intel Mac OS X 10_12_5) AppleWebKit/537.36 (KHTML, like Gecko) Chrome/61.0.3163.100 Safari/537.36 :: ::1 :: GET :: /static/img/liyu.png :: 304 :: 1.586 ms
2017-10-16T02:54:55.205Z :: Mozilla/5.0 (Macintosh; Intel Mac OS X 10_12_5) AppleWebKit/537.36 (KHTML, like Gecko) Chrome/61.0.3163.100 Safari/537.36 :: ::1 :: GET :: /static/css/bootstrap.min.css.map :: 304 :: 0.811 ms
2017-10-16T02:55:09.424Z :: Mozilla/5.0 (Macintosh; Intel Mac OS X 10_12_5) AppleWebKit/537.36 (KHTML, like Gecko) Chrome/61.0.3163.100 Safari/537.36 :: ::1 :: POST :: /login :: 200 :: 10.698 ms
2017-10-16T02:55:09.468Z :: Mozilla/5.0 (Macintosh; Intel Mac OS X 10_12_5) AppleWebKit/537.36 (KHTML, like Gecko) Chrome/61.0.3163.100 Safari/537.36 :: ::1 :: GET :: /static/js/bootstrap.min.js :: 304 :: 4.509 ms
2017-10-16T02:55:09.470Z :: Mozilla/5.0 (Macintosh; Intel Mac OS X 10_12_5) AppleWebKit/537.36 (KHTML, like Gecko) Chrome/61.0.3163.100 Safari/537.36 :: ::1 :: GET :: /static/js/bootstrap-datetimepicker.min.js :: 304 :: 5.340 ms
2017-10-16T02:55:09.475Z :: Mozilla/5.0 (Macintosh; Intel Mac OS X 10_12_5) AppleWebKit/537.36 (KHTML, like Gecko) Chrome/61.0.3163.100 Safari/537.36 :: ::1 :: GET :: /static/css/bootstrap.min.css :: 304 :: 2.955 ms
2017-10-16T02:55:09.477Z :: Mozilla/5.0 (Macintosh; Intel Mac OS X 10_12_5) AppleWebKit/537.36 (KHTML, like Gecko) Chrome/61.0.3163.100 Safari/537.36 :: ::1 :: GET :: /static/css/bootstrap-datetimepicker.min.css :: 304 :: 4.639 ms
2017-10-16T02:55:09.537Z :: Mozilla/5.0 (Macintosh; Intel Mac OS X 10_12_5) AppleWebKit/537.36 (KHTML, like Gecko) Chrome/61.0.3163.100 Safari/537.36 :: ::1 :: GET :: /static/img/liyu.png :: 304 :: 2.279 ms
2017-10-16T02:55:09.683Z :: Mozilla/5.0 (Macintosh; Intel Mac OS X 10_12_5) AppleWebKit/537.36 (KHTML, like Gecko) Chrome/61.0.3163.100 Safari/537.36 :: ::1 :: GET :: /static/css/bootstrap.min.css.map :: 304 :: 0.766 ms
2017-10-16T02:55:23.686Z :: Mozilla/5.0 (Macintosh; Intel Mac OS X 10_12_5) AppleWebKit/537.36 (KHTML, like Gecko) Chrome/61.0.3163.100 Safari/537.36 :: ::1 :: POST :: /login :: 302 :: 12.853 ms
2017-10-16T02:55:23.697Z :: Mozilla/5.0 (Macintosh; Intel Mac OS X 10_12_5) AppleWebKit/537.36 (KHTML, like Gecko) Chrome/61.0.3163.100 Safari/537.36 :: ::1 :: GET :: / :: 200 :: 3.904 ms
2017-10-16T02:55:23.741Z :: Mozilla/5.0 (Macintosh; Intel Mac OS X 10_12_5) AppleWebKit/537.36 (KHTML, like Gecko) Chrome/61.0.3163.100 Safari/537.36 :: ::1 :: GET :: /static/js/bootstrap.min.js :: 304 :: 12.334 ms
2017-10-16T02:55:23.741Z :: Mozilla/5.0 (Macintosh; Intel Mac OS X 10_12_5) AppleWebKit/537.36 (KHTML, like Gecko) Chrome/61.0.3163.100 Safari/537.36 :: ::1 :: GET :: /static/js/bootstrap-datetimepicker.min.js :: 304 :: 11.642 ms
2017-10-16T02:55:23.744Z :: Mozilla/5.0 (Macintosh; Intel Mac OS X 10_12_5) AppleWebKit/537.36 (KHTML, like Gecko) Chrome/61.0.3163.100 Safari/537.36 :: ::1 :: GET :: /static/css/bootstrap.min.css :: 304 :: 7.201 ms
2017-10-16T02:55:23.744Z :: Mozilla/5.0 (Macintosh; Intel Mac OS X 10_12_5) AppleWebKit/537.36 (KHTML, like Gecko) Chrome/61.0.3163.100 Safari/537.36 :: ::1 :: GET :: /static/css/bootstrap-datetimepicker.min.css :: 304 :: 4.474 ms
2017-10-16T02:55:23.765Z :: Mozilla/5.0 (Macintosh; Intel Mac OS X 10_12_5) AppleWebKit/537.36 (KHTML, like Gecko) Chrome/61.0.3163.100 Safari/537.36 :: ::1 :: GET :: /static/img/liyu.png :: 304 :: 5.004 ms
2017-10-16T02:55:23.932Z :: Mozilla/5.0 (Macintosh; Intel Mac OS X 10_12_5) AppleWebKit/537.36 (KHTML, like Gecko) Chrome/61.0.3163.100 Safari/537.36 :: ::1 :: GET :: /static/css/bootstrap.min.css.map :: 304 :: 2.699 ms
2017-10-16T02:58:35.286Z :: Mozilla/5.0 (Macintosh; Intel Mac OS X 10_12_5) AppleWebKit/537.36 (KHTML, like Gecko) Chrome/61.0.3163.100 Safari/537.36 :: ::1 :: GET :: /users/logout :: 302 :: 13.794 ms
2017-10-16T02:58:35.324Z :: Mozilla/5.0 (Macintosh; Intel Mac OS X 10_12_5) AppleWebKit/537.36 (KHTML, like Gecko) Chrome/61.0.3163.100 Safari/537.36 :: ::1 :: GET :: / :: 200 :: 31.083 ms
2017-10-16T02:58:35.366Z :: Mozilla/5.0 (Macintosh; Intel Mac OS X 10_12_5) AppleWebKit/537.36 (KHTML, like Gecko) Chrome/61.0.3163.100 Safari/537.36 :: ::1 :: GET :: /static/js/bootstrap.min.js :: 304 :: 5.064 ms
2017-10-16T02:58:35.367Z :: Mozilla/5.0 (Macintosh; Intel Mac OS X 10_12_5) AppleWebKit/537.36 (KHTML, like Gecko) Chrome/61.0.3163.100 Safari/537.36 :: ::1 :: GET :: /static/js/bootstrap-datetimepicker.min.js :: 304 :: 5.380 ms
2017-10-16T02:58:35.371Z :: Mozilla/5.0 (Macintosh; Intel Mac OS X 10_12_5) AppleWebKit/537.36 (KHTML, like Gecko) Chrome/61.0.3163.100 Safari/537.36 :: ::1 :: GET :: /static/css/bootstrap.min.css :: 304 :: 3.290 ms
2017-10-16T02:58:35.374Z :: Mozilla/5.0 (Macintosh; Intel Mac OS X 10_12_5) AppleWebKit/537.36 (KHTML, like Gecko) Chrome/61.0.3163.100 Safari/537.36 :: ::1 :: GET :: /static/css/bootstrap-datetimepicker.min.css :: 304 :: 4.319 ms
2017-10-16T02:58:35.446Z :: Mozilla/5.0 (Macintosh; Intel Mac OS X 10_12_5) AppleWebKit/537.36 (KHTML, like Gecko) Chrome/61.0.3163.100 Safari/537.36 :: ::1 :: GET :: /static/img/liyu.png :: 304 :: 0.674 ms
2017-10-16T02:58:35.572Z :: Mozilla/5.0 (Macintosh; Intel Mac OS X 10_12_5) AppleWebKit/537.36 (KHTML, like Gecko) Chrome/61.0.3163.100 Safari/537.36 :: ::1 :: GET :: /static/css/bootstrap.min.css.map :: 304 :: 1.262 ms
2017-10-16T02:58:37.770Z :: Mozilla/5.0 (Macintosh; Intel Mac OS X 10_12_5) AppleWebKit/537.36 (KHTML, like Gecko) Chrome/61.0.3163.100 Safari/537.36 :: ::1 :: GET :: / :: 304 :: 1.832 ms
2017-10-16T02:58:37.825Z :: Mozilla/5.0 (Macintosh; Intel Mac OS X 10_12_5) AppleWebKit/537.36 (KHTML, like Gecko) Chrome/61.0.3163.100 Safari/537.36 :: ::1 :: GET :: /static/js/bootstrap.min.js :: 304 :: 4.015 ms
2017-10-16T02:58:37.825Z :: Mozilla/5.0 (Macintosh; Intel Mac OS X 10_12_5) AppleWebKit/537.36 (KHTML, like Gecko) Chrome/61.0.3163.100 Safari/537.36 :: ::1 :: GET :: /static/js/bootstrap-datetimepicker.min.js :: 304 :: 3.815 ms
2017-10-16T02:58:37.826Z :: Mozilla/5.0 (Macintosh; Intel Mac OS X 10_12_5) AppleWebKit/537.36 (KHTML, like Gecko) Chrome/61.0.3163.100 Safari/537.36 :: ::1 :: GET :: /static/css/bootstrap.min.css :: 304 :: 2.748 ms
2017-10-16T02:58:37.828Z :: Mozilla/5.0 (Macintosh; Intel Mac OS X 10_12_5) AppleWebKit/537.36 (KHTML, like Gecko) Chrome/61.0.3163.100 Safari/537.36 :: ::1 :: GET :: /static/css/bootstrap-datetimepicker.min.css :: 304 :: 3.238 ms
2017-10-16T02:58:37.882Z :: Mozilla/5.0 (Macintosh; Intel Mac OS X 10_12_5) AppleWebKit/537.36 (KHTML, like Gecko) Chrome/61.0.3163.100 Safari/537.36 :: ::1 :: GET :: /static/img/liyu.png :: 304 :: 1.206 ms
2017-10-16T02:58:38.007Z :: Mozilla/5.0 (Macintosh; Intel Mac OS X 10_12_5) AppleWebKit/537.36 (KHTML, like Gecko) Chrome/61.0.3163.100 Safari/537.36 :: ::1 :: GET :: /static/css/bootstrap.min.css.map :: 304 :: 2.079 ms
2017-10-16T02:58:40.328Z :: Mozilla/5.0 (Macintosh; Intel Mac OS X 10_12_5) AppleWebKit/537.36 (KHTML, like Gecko) Chrome/61.0.3163.100 Safari/537.36 :: ::1 :: GET :: / :: 304 :: 1.733 ms
2017-10-16T02:58:40.369Z :: Mozilla/5.0 (Macintosh; Intel Mac OS X 10_12_5) AppleWebKit/537.36 (KHTML, like Gecko) Chrome/61.0.3163.100 Safari/537.36 :: ::1 :: GET :: /static/js/bootstrap.min.js :: 304 :: 2.464 ms
2017-10-16T02:58:40.370Z :: Mozilla/5.0 (Macintosh; Intel Mac OS X 10_12_5) AppleWebKit/537.36 (KHTML, like Gecko) Chrome/61.0.3163.100 Safari/537.36 :: ::1 :: GET :: /static/js/bootstrap-datetimepicker.min.js :: 304 :: 2.991 ms
2017-10-16T02:58:40.371Z :: Mozilla/5.0 (Macintosh; Intel Mac OS X 10_12_5) AppleWebKit/537.36 (KHTML, like Gecko) Chrome/61.0.3163.100 Safari/537.36 :: ::1 :: GET :: /static/css/bootstrap.min.css :: 304 :: 3.582 ms
2017-10-16T02:58:40.373Z :: Mozilla/5.0 (Macintosh; Intel Mac OS X 10_12_5) AppleWebKit/537.36 (KHTML, like Gecko) Chrome/61.0.3163.100 Safari/537.36 :: ::1 :: GET :: /static/css/bootstrap-datetimepicker.min.css :: 304 :: 4.373 ms
2017-10-16T02:58:40.429Z :: Mozilla/5.0 (Macintosh; Intel Mac OS X 10_12_5) AppleWebKit/537.36 (KHTML, like Gecko) Chrome/61.0.3163.100 Safari/537.36 :: ::1 :: GET :: /static/img/liyu.png :: 304 :: 1.326 ms
2017-10-16T02:58:40.556Z :: Mozilla/5.0 (Macintosh; Intel Mac OS X 10_12_5) AppleWebKit/537.36 (KHTML, like Gecko) Chrome/61.0.3163.100 Safari/537.36 :: ::1 :: GET :: /static/css/bootstrap.min.css.map :: 304 :: 2.531 ms
2017-10-16T02:58:42.705Z :: Mozilla/5.0 (Macintosh; Intel Mac OS X 10_12_5) AppleWebKit/537.36 (KHTML, like Gecko) Chrome/61.0.3163.100 Safari/537.36 :: ::1 :: GET :: /login :: 200 :: 4.555 ms
2017-10-16T02:58:42.747Z :: Mozilla/5.0 (Macintosh; Intel Mac OS X 10_12_5) AppleWebKit/537.36 (KHTML, like Gecko) Chrome/61.0.3163.100 Safari/537.36 :: ::1 :: GET :: /static/js/bootstrap.min.js :: 304 :: 3.777 ms
2017-10-16T02:58:42.747Z :: Mozilla/5.0 (Macintosh; Intel Mac OS X 10_12_5) AppleWebKit/537.36 (KHTML, like Gecko) Chrome/61.0.3163.100 Safari/537.36 :: ::1 :: GET :: /static/js/bootstrap-datetimepicker.min.js :: 304 :: 2.951 ms
2017-10-16T02:58:42.749Z :: Mozilla/5.0 (Macintosh; Intel Mac OS X 10_12_5) AppleWebKit/537.36 (KHTML, like Gecko) Chrome/61.0.3163.100 Safari/537.36 :: ::1 :: GET :: /static/css/bootstrap.min.css :: 304 :: 3.481 ms
2017-10-16T02:58:42.750Z :: Mozilla/5.0 (Macintosh; Intel Mac OS X 10_12_5) AppleWebKit/537.36 (KHTML, like Gecko) Chrome/61.0.3163.100 Safari/537.36 :: ::1 :: GET :: /static/css/bootstrap-datetimepicker.min.css :: 304 :: 3.793 ms
2017-10-16T02:58:42.816Z :: Mozilla/5.0 (Macintosh; Intel Mac OS X 10_12_5) AppleWebKit/537.36 (KHTML, like Gecko) Chrome/61.0.3163.100 Safari/537.36 :: ::1 :: GET :: /static/img/liyu.png :: 304 :: 2.252 ms
2017-10-16T02:58:42.932Z :: Mozilla/5.0 (Macintosh; Intel Mac OS X 10_12_5) AppleWebKit/537.36 (KHTML, like Gecko) Chrome/61.0.3163.100 Safari/537.36 :: ::1 :: GET :: /static/css/bootstrap.min.css.map :: 304 :: 1.077 ms
2017-10-16T02:59:50.441Z :: Mozilla/5.0 (Macintosh; Intel Mac OS X 10_12_5) AppleWebKit/537.36 (KHTML, like Gecko) Chrome/61.0.3163.100 Safari/537.36 :: ::1 :: GET :: /login :: 200 :: 32.285 ms
2017-10-16T02:59:50.495Z :: Mozilla/5.0 (Macintosh; Intel Mac OS X 10_12_5) AppleWebKit/537.36 (KHTML, like Gecko) Chrome/61.0.3163.100 Safari/537.36 :: ::1 :: GET :: /static/js/bootstrap.min.js :: 304 :: 17.111 ms
2017-10-16T02:59:50.504Z :: Mozilla/5.0 (Macintosh; Intel Mac OS X 10_12_5) AppleWebKit/537.36 (KHTML, like Gecko) Chrome/61.0.3163.100 Safari/537.36 :: ::1 :: GET :: /static/css/bootstrap.min.css :: 304 :: 6.958 ms
2017-10-16T02:59:50.505Z :: Mozilla/5.0 (Macintosh; Intel Mac OS X 10_12_5) AppleWebKit/537.36 (KHTML, like Gecko) Chrome/61.0.3163.100 Safari/537.36 :: ::1 :: GET :: /static/js/bootstrap-datetimepicker.min.js :: 304 :: 7.730 ms
2017-10-16T02:59:50.510Z :: Mozilla/5.0 (Macintosh; Intel Mac OS X 10_12_5) AppleWebKit/537.36 (KHTML, like Gecko) Chrome/61.0.3163.100 Safari/537.36 :: ::1 :: GET :: /static/css/bootstrap-datetimepicker.min.css :: 304 :: 12.570 ms
2017-10-16T02:59:50.544Z :: Mozilla/5.0 (Macintosh; Intel Mac OS X 10_12_5) AppleWebKit/537.36 (KHTML, like Gecko) Chrome/61.0.3163.100 Safari/537.36 :: ::1 :: GET :: /static/img/liyu.png :: 304 :: 0.858 ms
2017-10-16T02:59:50.700Z :: Mozilla/5.0 (Macintosh; Intel Mac OS X 10_12_5) AppleWebKit/537.36 (KHTML, like Gecko) Chrome/61.0.3163.100 Safari/537.36 :: ::1 :: GET :: /static/css/bootstrap.min.css.map :: 304 :: 0.599 ms
2017-10-16T02:59:59.106Z :: Mozilla/5.0 (Macintosh; Intel Mac OS X 10_12_5) AppleWebKit/537.36 (KHTML, like Gecko) Chrome/61.0.3163.100 Safari/537.36 :: ::1 :: POST :: /login :: 200 :: 48.241 ms
2017-10-16T02:59:59.153Z :: Mozilla/5.0 (Macintosh; Intel Mac OS X 10_12_5) AppleWebKit/537.36 (KHTML, like Gecko) Chrome/61.0.3163.100 Safari/537.36 :: ::1 :: GET :: /static/js/bootstrap.min.js :: 304 :: 1.946 ms
2017-10-16T02:59:59.160Z :: Mozilla/5.0 (Macintosh; Intel Mac OS X 10_12_5) AppleWebKit/537.36 (KHTML, like Gecko) Chrome/61.0.3163.100 Safari/537.36 :: ::1 :: GET :: /static/js/bootstrap-datetimepicker.min.js :: 304 :: 2.077 ms
2017-10-16T02:59:59.160Z :: Mozilla/5.0 (Macintosh; Intel Mac OS X 10_12_5) AppleWebKit/537.36 (KHTML, like Gecko) Chrome/61.0.3163.100 Safari/537.36 :: ::1 :: GET :: /static/css/bootstrap.min.css :: 304 :: 1.755 ms
2017-10-16T02:59:59.166Z :: Mozilla/5.0 (Macintosh; Intel Mac OS X 10_12_5) AppleWebKit/537.36 (KHTML, like Gecko) Chrome/61.0.3163.100 Safari/537.36 :: ::1 :: GET :: /static/css/bootstrap-datetimepicker.min.css :: 304 :: 2.624 ms
2017-10-16T02:59:59.217Z :: Mozilla/5.0 (Macintosh; Intel Mac OS X 10_12_5) AppleWebKit/537.36 (KHTML, like Gecko) Chrome/61.0.3163.100 Safari/537.36 :: ::1 :: GET :: /static/img/liyu.png :: 304 :: 1.109 ms
2017-10-16T02:59:59.381Z :: Mozilla/5.0 (Macintosh; Intel Mac OS X 10_12_5) AppleWebKit/537.36 (KHTML, like Gecko) Chrome/61.0.3163.100 Safari/537.36 :: ::1 :: GET :: /static/css/bootstrap.min.css.map :: 304 :: 0.990 ms
2017-10-16T03:00:34.745Z :: Mozilla/5.0 (Macintosh; Intel Mac OS X 10_12_5) AppleWebKit/537.36 (KHTML, like Gecko) Chrome/61.0.3163.100 Safari/537.36 :: ::1 :: POST :: /login :: 200 :: 61.722 ms
2017-10-16T03:00:34.817Z :: Mozilla/5.0 (Macintosh; Intel Mac OS X 10_12_5) AppleWebKit/537.36 (KHTML, like Gecko) Chrome/61.0.3163.100 Safari/537.36 :: ::1 :: GET :: /static/js/bootstrap.min.js :: 304 :: 23.836 ms
2017-10-16T03:00:34.835Z :: Mozilla/5.0 (Macintosh; Intel Mac OS X 10_12_5) AppleWebKit/537.36 (KHTML, like Gecko) Chrome/61.0.3163.100 Safari/537.36 :: ::1 :: GET :: /static/css/bootstrap.min.css :: 304 :: 34.131 ms
2017-10-16T03:00:34.838Z :: Mozilla/5.0 (Macintosh; Intel Mac OS X 10_12_5) AppleWebKit/537.36 (KHTML, like Gecko) Chrome/61.0.3163.100 Safari/537.36 :: ::1 :: GET :: /static/css/bootstrap-datetimepicker.min.css :: 304 :: 46.583 ms
2017-10-16T03:00:34.839Z :: Mozilla/5.0 (Macintosh; Intel Mac OS X 10_12_5) AppleWebKit/537.36 (KHTML, like Gecko) Chrome/61.0.3163.100 Safari/537.36 :: ::1 :: GET :: /static/js/bootstrap-datetimepicker.min.js :: 304 :: 47.069 ms
2017-10-16T03:00:34.852Z :: Mozilla/5.0 (Macintosh; Intel Mac OS X 10_12_5) AppleWebKit/537.36 (KHTML, like Gecko) Chrome/61.0.3163.100 Safari/537.36 :: ::1 :: GET :: /static/img/liyu.png :: 304 :: 0.994 ms
2017-10-16T03:00:35.000Z :: Mozilla/5.0 (Macintosh; Intel Mac OS X 10_12_5) AppleWebKit/537.36 (KHTML, like Gecko) Chrome/61.0.3163.100 Safari/537.36 :: ::1 :: GET :: /static/css/bootstrap.min.css.map :: 304 :: 0.817 ms
2017-10-16T03:02:10.981Z :: Mozilla/5.0 (Windows NT 10.0; Win64; x64) AppleWebKit/537.36 (KHTML, like Gecko) Chrome/61.0.3163.100 Safari/537.36 :: ::ffff:192.168.1.110 :: GET :: / :: 304 :: 7.972 ms
2017-10-16T03:02:11.018Z :: Mozilla/5.0 (Windows NT 10.0; Win64; x64) AppleWebKit/537.36 (KHTML, like Gecko) Chrome/61.0.3163.100 Safari/537.36 :: ::ffff:192.168.1.110 :: GET :: /static/js/bootstrap.min.js :: 304 :: 1.555 ms
2017-10-16T03:02:11.022Z :: Mozilla/5.0 (Windows NT 10.0; Win64; x64) AppleWebKit/537.36 (KHTML, like Gecko) Chrome/61.0.3163.100 Safari/537.36 :: ::ffff:192.168.1.110 :: GET :: /static/css/bootstrap.min.css :: 304 :: 1.309 ms
2017-10-16T03:02:11.028Z :: Mozilla/5.0 (Windows NT 10.0; Win64; x64) AppleWebKit/537.36 (KHTML, like Gecko) Chrome/61.0.3163.100 Safari/537.36 :: ::ffff:192.168.1.110 :: GET :: /static/css/bootstrap-datetimepicker.min.css :: 304 :: 0.426 ms
2017-10-16T03:02:11.032Z :: Mozilla/5.0 (Windows NT 10.0; Win64; x64) AppleWebKit/537.36 (KHTML, like Gecko) Chrome/61.0.3163.100 Safari/537.36 :: ::ffff:192.168.1.110 :: GET :: /static/js/bootstrap-datetimepicker.min.js :: 304 :: 1.026 ms
2017-10-16T03:02:11.040Z :: Mozilla/5.0 (Windows NT 10.0; Win64; x64) AppleWebKit/537.36 (KHTML, like Gecko) Chrome/61.0.3163.100 Safari/537.36 :: ::ffff:192.168.1.110 :: GET :: /static/img/liyu.png :: 304 :: 0.420 ms
2017-10-16T03:02:14.028Z :: Mozilla/5.0 (Windows NT 10.0; Win64; x64) AppleWebKit/537.36 (KHTML, like Gecko) Chrome/61.0.3163.100 Safari/537.36 :: ::ffff:192.168.1.110 :: GET :: /login :: 200 :: 1.885 ms
2017-10-16T03:02:14.041Z :: Mozilla/5.0 (Windows NT 10.0; Win64; x64) AppleWebKit/537.36 (KHTML, like Gecko) Chrome/61.0.3163.100 Safari/537.36 :: ::ffff:192.168.1.110 :: GET :: /static/js/bootstrap.min.js :: 304 :: 0.511 ms
2017-10-16T03:02:14.043Z :: Mozilla/5.0 (Windows NT 10.0; Win64; x64) AppleWebKit/537.36 (KHTML, like Gecko) Chrome/61.0.3163.100 Safari/537.36 :: ::ffff:192.168.1.110 :: GET :: /static/js/bootstrap-datetimepicker.min.js :: 304 :: 1.399 ms
2017-10-16T03:02:14.044Z :: Mozilla/5.0 (Windows NT 10.0; Win64; x64) AppleWebKit/537.36 (KHTML, like Gecko) Chrome/61.0.3163.100 Safari/537.36 :: ::ffff:192.168.1.110 :: GET :: /static/css/bootstrap.min.css :: 304 :: 1.521 ms
2017-10-16T03:02:14.044Z :: Mozilla/5.0 (Windows NT 10.0; Win64; x64) AppleWebKit/537.36 (KHTML, like Gecko) Chrome/61.0.3163.100 Safari/537.36 :: ::ffff:192.168.1.110 :: GET :: /static/css/bootstrap-datetimepicker.min.css :: 304 :: 1.576 ms
2017-10-16T03:02:14.069Z :: Mozilla/5.0 (Windows NT 10.0; Win64; x64) AppleWebKit/537.36 (KHTML, like Gecko) Chrome/61.0.3163.100 Safari/537.36 :: ::ffff:192.168.1.110 :: GET :: /static/img/liyu.png :: 304 :: 0.570 ms
2017-10-16T03:02:38.348Z :: Mozilla/5.0 (Macintosh; Intel Mac OS X 10_12_5) AppleWebKit/537.36 (KHTML, like Gecko) Chrome/61.0.3163.100 Safari/537.36 :: ::1 :: POST :: /login :: 200 :: 63.438 ms
2017-10-16T03:02:38.397Z :: Mozilla/5.0 (Macintosh; Intel Mac OS X 10_12_5) AppleWebKit/537.36 (KHTML, like Gecko) Chrome/61.0.3163.100 Safari/537.36 :: ::1 :: GET :: /static/js/bootstrap.min.js :: 304 :: 9.447 ms
2017-10-16T03:02:38.401Z :: Mozilla/5.0 (Macintosh; Intel Mac OS X 10_12_5) AppleWebKit/537.36 (KHTML, like Gecko) Chrome/61.0.3163.100 Safari/537.36 :: ::1 :: GET :: /static/js/bootstrap-datetimepicker.min.js :: 304 :: 11.505 ms
2017-10-16T03:02:38.413Z :: Mozilla/5.0 (Macintosh; Intel Mac OS X 10_12_5) AppleWebKit/537.36 (KHTML, like Gecko) Chrome/61.0.3163.100 Safari/537.36 :: ::1 :: GET :: /static/css/bootstrap.min.css :: 304 :: 10.759 ms
2017-10-16T03:02:38.415Z :: Mozilla/5.0 (Macintosh; Intel Mac OS X 10_12_5) AppleWebKit/537.36 (KHTML, like Gecko) Chrome/61.0.3163.100 Safari/537.36 :: ::1 :: GET :: /static/css/bootstrap-datetimepicker.min.css :: 304 :: 12.148 ms
2017-10-16T03:02:38.477Z :: Mozilla/5.0 (Macintosh; Intel Mac OS X 10_12_5) AppleWebKit/537.36 (KHTML, like Gecko) Chrome/61.0.3163.100 Safari/537.36 :: ::1 :: GET :: /static/img/liyu.png :: 304 :: 0.692 ms
2017-10-16T03:02:38.626Z :: Mozilla/5.0 (Macintosh; Intel Mac OS X 10_12_5) AppleWebKit/537.36 (KHTML, like Gecko) Chrome/61.0.3163.100 Safari/537.36 :: ::1 :: GET :: /static/css/bootstrap.min.css.map :: 304 :: 0.704 ms
2017-10-16T03:02:48.162Z :: Mozilla/5.0 (Macintosh; Intel Mac OS X 10_12_5) AppleWebKit/537.36 (KHTML, like Gecko) Chrome/61.0.3163.100 Safari/537.36 :: ::1 :: POST :: /login :: 200 :: 10.225 ms
2017-10-16T03:02:48.213Z :: Mozilla/5.0 (Macintosh; Intel Mac OS X 10_12_5) AppleWebKit/537.36 (KHTML, like Gecko) Chrome/61.0.3163.100 Safari/537.36 :: ::1 :: GET :: /static/js/bootstrap.min.js :: 304 :: 7.624 ms
2017-10-16T03:02:48.216Z :: Mozilla/5.0 (Macintosh; Intel Mac OS X 10_12_5) AppleWebKit/537.36 (KHTML, like Gecko) Chrome/61.0.3163.100 Safari/537.36 :: ::1 :: GET :: /static/js/bootstrap-datetimepicker.min.js :: 304 :: 7.518 ms
2017-10-16T03:02:48.217Z :: Mozilla/5.0 (Macintosh; Intel Mac OS X 10_12_5) AppleWebKit/537.36 (KHTML, like Gecko) Chrome/61.0.3163.100 Safari/537.36 :: ::1 :: GET :: /static/css/bootstrap.min.css :: 304 :: 8.463 ms
2017-10-16T03:02:48.229Z :: Mozilla/5.0 (Macintosh; Intel Mac OS X 10_12_5) AppleWebKit/537.36 (KHTML, like Gecko) Chrome/61.0.3163.100 Safari/537.36 :: ::1 :: GET :: /static/css/bootstrap-datetimepicker.min.css :: 304 :: 19.652 ms
2017-10-16T03:02:48.277Z :: Mozilla/5.0 (Macintosh; Intel Mac OS X 10_12_5) AppleWebKit/537.36 (KHTML, like Gecko) Chrome/61.0.3163.100 Safari/537.36 :: ::1 :: GET :: /static/img/liyu.png :: 304 :: 1.137 ms
2017-10-16T03:02:48.403Z :: Mozilla/5.0 (Macintosh; Intel Mac OS X 10_12_5) AppleWebKit/537.36 (KHTML, like Gecko) Chrome/61.0.3163.100 Safari/537.36 :: ::1 :: GET :: /static/css/bootstrap.min.css.map :: 304 :: 0.641 ms
2017-10-16T03:02:55.115Z :: Mozilla/5.0 (Macintosh; Intel Mac OS X 10_12_5) AppleWebKit/537.36 (KHTML, like Gecko) Chrome/61.0.3163.100 Safari/537.36 :: ::1 :: POST :: /login :: 200 :: 16.797 ms
2017-10-16T03:02:55.164Z :: Mozilla/5.0 (Macintosh; Intel Mac OS X 10_12_5) AppleWebKit/537.36 (KHTML, like Gecko) Chrome/61.0.3163.100 Safari/537.36 :: ::1 :: GET :: /static/js/bootstrap.min.js :: 304 :: 9.323 ms
2017-10-16T03:02:55.164Z :: Mozilla/5.0 (Macintosh; Intel Mac OS X 10_12_5) AppleWebKit/537.36 (KHTML, like Gecko) Chrome/61.0.3163.100 Safari/537.36 :: ::1 :: GET :: /static/js/bootstrap-datetimepicker.min.js :: 304 :: 8.272 ms
2017-10-16T03:02:55.165Z :: Mozilla/5.0 (Macintosh; Intel Mac OS X 10_12_5) AppleWebKit/537.36 (KHTML, like Gecko) Chrome/61.0.3163.100 Safari/537.36 :: ::1 :: GET :: /static/css/bootstrap.min.css :: 304 :: 6.811 ms
2017-10-16T03:02:55.168Z :: Mozilla/5.0 (Macintosh; Intel Mac OS X 10_12_5) AppleWebKit/537.36 (KHTML, like Gecko) Chrome/61.0.3163.100 Safari/537.36 :: ::1 :: GET :: /static/css/bootstrap-datetimepicker.min.css :: 304 :: 9.550 ms
2017-10-16T03:02:55.239Z :: Mozilla/5.0 (Macintosh; Intel Mac OS X 10_12_5) AppleWebKit/537.36 (KHTML, like Gecko) Chrome/61.0.3163.100 Safari/537.36 :: ::1 :: GET :: /static/img/liyu.png :: 304 :: 1.287 ms
2017-10-16T03:02:55.361Z :: Mozilla/5.0 (Macintosh; Intel Mac OS X 10_12_5) AppleWebKit/537.36 (KHTML, like Gecko) Chrome/61.0.3163.100 Safari/537.36 :: ::1 :: GET :: /static/css/bootstrap.min.css.map :: 304 :: 0.714 ms
2017-10-16T03:03:20.160Z :: Mozilla/5.0 (Macintosh; Intel Mac OS X 10_12_5) AppleWebKit/537.36 (KHTML, like Gecko) Chrome/61.0.3163.100 Safari/537.36 :: ::1 :: POST :: /login :: 200 :: 8.962 ms
2017-10-16T03:03:20.190Z :: Mozilla/5.0 (Macintosh; Intel Mac OS X 10_12_5) AppleWebKit/537.36 (KHTML, like Gecko) Chrome/61.0.3163.100 Safari/537.36 :: ::1 :: GET :: /static/js/bootstrap.min.js :: 304 :: 2.093 ms
2017-10-16T03:03:20.202Z :: Mozilla/5.0 (Macintosh; Intel Mac OS X 10_12_5) AppleWebKit/537.36 (KHTML, like Gecko) Chrome/61.0.3163.100 Safari/537.36 :: ::1 :: GET :: /static/js/bootstrap-datetimepicker.min.js :: 304 :: 3.140 ms
2017-10-16T03:03:20.203Z :: Mozilla/5.0 (Macintosh; Intel Mac OS X 10_12_5) AppleWebKit/537.36 (KHTML, like Gecko) Chrome/61.0.3163.100 Safari/537.36 :: ::1 :: GET :: /static/css/bootstrap.min.css :: 304 :: 3.431 ms
2017-10-16T03:03:20.205Z :: Mozilla/5.0 (Macintosh; Intel Mac OS X 10_12_5) AppleWebKit/537.36 (KHTML, like Gecko) Chrome/61.0.3163.100 Safari/537.36 :: ::1 :: GET :: /static/css/bootstrap-datetimepicker.min.css :: 304 :: 4.335 ms
2017-10-16T03:03:20.232Z :: Mozilla/5.0 (Macintosh; Intel Mac OS X 10_12_5) AppleWebKit/537.36 (KHTML, like Gecko) Chrome/61.0.3163.100 Safari/537.36 :: ::1 :: GET :: /static/img/liyu.png :: 304 :: 2.470 ms
2017-10-16T03:03:20.408Z :: Mozilla/5.0 (Macintosh; Intel Mac OS X 10_12_5) AppleWebKit/537.36 (KHTML, like Gecko) Chrome/61.0.3163.100 Safari/537.36 :: ::1 :: GET :: /static/css/bootstrap.min.css.map :: 304 :: 1.228 ms
2017-10-16T03:03:26.370Z :: Mozilla/5.0 (Macintosh; Intel Mac OS X 10_12_5) AppleWebKit/537.36 (KHTML, like Gecko) Chrome/61.0.3163.100 Safari/537.36 :: ::1 :: POST :: /login :: 302 :: 18.153 ms
2017-10-16T03:03:26.387Z :: Mozilla/5.0 (Macintosh; Intel Mac OS X 10_12_5) AppleWebKit/537.36 (KHTML, like Gecko) Chrome/61.0.3163.100 Safari/537.36 :: ::1 :: GET :: / :: 200 :: 5.982 ms
2017-10-16T03:03:26.439Z :: Mozilla/5.0 (Macintosh; Intel Mac OS X 10_12_5) AppleWebKit/537.36 (KHTML, like Gecko) Chrome/61.0.3163.100 Safari/537.36 :: ::1 :: GET :: /static/js/bootstrap.min.js :: 304 :: 6.970 ms
2017-10-16T03:03:26.439Z :: Mozilla/5.0 (Macintosh; Intel Mac OS X 10_12_5) AppleWebKit/537.36 (KHTML, like Gecko) Chrome/61.0.3163.100 Safari/537.36 :: ::1 :: GET :: /static/js/bootstrap-datetimepicker.min.js :: 304 :: 6.352 ms
2017-10-16T03:03:26.440Z :: Mozilla/5.0 (Macintosh; Intel Mac OS X 10_12_5) AppleWebKit/537.36 (KHTML, like Gecko) Chrome/61.0.3163.100 Safari/537.36 :: ::1 :: GET :: /static/css/bootstrap.min.css :: 304 :: 6.808 ms
2017-10-16T03:03:26.441Z :: Mozilla/5.0 (Macintosh; Intel Mac OS X 10_12_5) AppleWebKit/537.36 (KHTML, like Gecko) Chrome/61.0.3163.100 Safari/537.36 :: ::1 :: GET :: /static/css/bootstrap-datetimepicker.min.css :: 304 :: 9.078 ms
2017-10-16T03:03:26.476Z :: Mozilla/5.0 (Macintosh; Intel Mac OS X 10_12_5) AppleWebKit/537.36 (KHTML, like Gecko) Chrome/61.0.3163.100 Safari/537.36 :: ::1 :: GET :: /static/img/liyu.png :: 304 :: 17.688 ms
2017-10-16T03:03:26.631Z :: Mozilla/5.0 (Macintosh; Intel Mac OS X 10_12_5) AppleWebKit/537.36 (KHTML, like Gecko) Chrome/61.0.3163.100 Safari/537.36 :: ::1 :: GET :: /static/css/bootstrap.min.css.map :: 304 :: 1.428 ms
2017-10-16T03:03:29.378Z :: Mozilla/5.0 (Macintosh; Intel Mac OS X 10_12_5) AppleWebKit/537.36 (KHTML, like Gecko) Chrome/61.0.3163.100 Safari/537.36 :: ::1 :: GET :: /users/logout :: 302 :: 2.273 ms
2017-10-16T03:03:29.385Z :: Mozilla/5.0 (Macintosh; Intel Mac OS X 10_12_5) AppleWebKit/537.36 (KHTML, like Gecko) Chrome/61.0.3163.100 Safari/537.36 :: ::1 :: GET :: / :: 200 :: 2.187 ms
2017-10-16T03:03:29.423Z :: Mozilla/5.0 (Macintosh; Intel Mac OS X 10_12_5) AppleWebKit/537.36 (KHTML, like Gecko) Chrome/61.0.3163.100 Safari/537.36 :: ::1 :: GET :: /static/js/bootstrap.min.js :: 304 :: 6.199 ms
2017-10-16T03:03:29.424Z :: Mozilla/5.0 (Macintosh; Intel Mac OS X 10_12_5) AppleWebKit/537.36 (KHTML, like Gecko) Chrome/61.0.3163.100 Safari/537.36 :: ::1 :: GET :: /static/js/bootstrap-datetimepicker.min.js :: 304 :: 5.867 ms
2017-10-16T03:03:29.432Z :: Mozilla/5.0 (Macintosh; Intel Mac OS X 10_12_5) AppleWebKit/537.36 (KHTML, like Gecko) Chrome/61.0.3163.100 Safari/537.36 :: ::1 :: GET :: /static/css/bootstrap.min.css :: 304 :: 0.688 ms
2017-10-16T03:03:29.437Z :: Mozilla/5.0 (Macintosh; Intel Mac OS X 10_12_5) AppleWebKit/537.36 (KHTML, like Gecko) Chrome/61.0.3163.100 Safari/537.36 :: ::1 :: GET :: /static/css/bootstrap-datetimepicker.min.css :: 304 :: 2.560 ms
2017-10-16T03:03:29.494Z :: Mozilla/5.0 (Macintosh; Intel Mac OS X 10_12_5) AppleWebKit/537.36 (KHTML, like Gecko) Chrome/61.0.3163.100 Safari/537.36 :: ::1 :: GET :: /static/img/liyu.png :: 304 :: 0.716 ms
2017-10-16T03:03:29.619Z :: Mozilla/5.0 (Macintosh; Intel Mac OS X 10_12_5) AppleWebKit/537.36 (KHTML, like Gecko) Chrome/61.0.3163.100 Safari/537.36 :: ::1 :: GET :: /static/css/bootstrap.min.css.map :: 304 :: 1.916 ms
2017-10-16T03:05:59.381Z :: Mozilla/5.0 (Macintosh; Intel Mac OS X 10_12_5) AppleWebKit/537.36 (KHTML, like Gecko) Chrome/61.0.3163.100 Safari/537.36 :: ::1 :: GET :: /login :: 200 :: 4.791 ms
2017-10-16T03:05:59.402Z :: Mozilla/5.0 (Macintosh; Intel Mac OS X 10_12_5) AppleWebKit/537.36 (KHTML, like Gecko) Chrome/61.0.3163.100 Safari/537.36 :: ::1 :: GET :: /static/js/bootstrap.min.js :: 304 :: 0.811 ms
2017-10-16T03:05:59.407Z :: Mozilla/5.0 (Macintosh; Intel Mac OS X 10_12_5) AppleWebKit/537.36 (KHTML, like Gecko) Chrome/61.0.3163.100 Safari/537.36 :: ::1 :: GET :: /static/js/bootstrap-datetimepicker.min.js :: 304 :: 2.960 ms
2017-10-16T03:05:59.412Z :: Mozilla/5.0 (Macintosh; Intel Mac OS X 10_12_5) AppleWebKit/537.36 (KHTML, like Gecko) Chrome/61.0.3163.100 Safari/537.36 :: ::1 :: GET :: /static/css/bootstrap.min.css :: 304 :: 7.003 ms
2017-10-16T03:05:59.413Z :: Mozilla/5.0 (Macintosh; Intel Mac OS X 10_12_5) AppleWebKit/537.36 (KHTML, like Gecko) Chrome/61.0.3163.100 Safari/537.36 :: ::1 :: GET :: /static/css/bootstrap-datetimepicker.min.css :: 304 :: 2.490 ms
2017-10-16T03:05:59.445Z :: Mozilla/5.0 (Macintosh; Intel Mac OS X 10_12_5) AppleWebKit/537.36 (KHTML, like Gecko) Chrome/61.0.3163.100 Safari/537.36 :: ::1 :: GET :: /static/img/liyu.png :: 304 :: 1.711 ms
2017-10-16T03:05:59.558Z :: Mozilla/5.0 (Macintosh; Intel Mac OS X 10_12_5) AppleWebKit/537.36 (KHTML, like Gecko) Chrome/61.0.3163.100 Safari/537.36 :: ::1 :: GET :: /static/css/bootstrap.min.css.map :: 304 :: 0.709 ms
